[07-02 17:36:55]: [INFO] Created column 'regdate' and set the current timestamp, 1719941815395, to all 0 rows
[07-02 17:36:55]: [INFO] SQLite Setup finished
[07-02 17:36:55]: [INFO] Hooked into LuckPerms!
[07-02 17:36:55]: [INFO] Hooked successfully into Essentials
[07-02 17:36:55]: [INFO] Hooked successfully into Multiverse-Core
[07-02 17:36:55]: [INFO] Essentials spawn file not found: '/workspaces/Maze-runner/server/plugins/Essentials/spawn.yml'
[07-02 17:36:56]: [WARN] WARNING! The protectInventory feature requires ProtocolLib! Disabling it...
[07-02 17:36:56]: [INFO] AuthMe 5.6.0-beta2 build n.2453 successfully enabled!
[07-02 17:36:56]: [INFO] Downloading GEO IP database, because the old database is older than 30 days or doesn't exist
[07-02 17:36:56]: [WARN] No MaxMind credentials found in the configuration file! GeoIp protections will be disabled.
[07-02 17:36:56]: [INFO] There is no newer GEO IP database uploaded to MaxMind. Using the old one for now.
[07-02 17:36:56]: [WARN] Could not download GeoLiteAPI database [FileNotFoundException]: plugins/AuthMe/GeoLite2-Country.mmdb (No such file or directory)
[07-02 17:36:56]: java.io.FileNotFoundException: plugins/AuthMe/GeoLite2-Country.mmdb (No such file or directory)
	at java.base/java.io.RandomAccessFile.open0(Native Method)
	at java.base/java.io.RandomAccessFile.open(RandomAccessFile.java:356)
	at java.base/java.io.RandomAccessFile.<init>(RandomAccessFile.java:273)
	at java.base/java.io.RandomAccessFile.<init>(RandomAccessFile.java:223)
	at fr.xephi.authme.libs.com.maxmind.db.BufferHolder.<init>(BufferHolder.java:20)
	at fr.xephi.authme.libs.com.maxmind.db.Reader.<init>(Reader.java:121)
	at fr.xephi.authme.service.GeoIpService.startReading(GeoIpService.java:173)
	at fr.xephi.authme.service.GeoIpService.updateDatabase(GeoIpService.java:144)
	at org.bukkit.craftbukkit.v1_8_R3.scheduler.CraftTask.run(CraftTask.java:59)
	at org.bukkit.craftbukkit.v1_8_R3.scheduler.CraftAsyncTask.run(CraftAsyncTask.java:53)
	at org.github.paperspigot.ServerSchedulerReportingWrapper.run(ServerSchedulerReportingWrapper.java:23)
	at java.base/java.util.concurrent.ThreadPoolExecutor.runWorker(ThreadPoolExecutor.java:1144)
	at java.base/java.util.concurrent.ThreadPoolExecutor$Worker.run(ThreadPoolExecutor.java:642)
	at java.base/java.lang.Thread.run(Thread.java:1583)

[07-02 17:39:31]: [INFO] AuthMe 5.6.0-beta2-b2453 disabled!
[07-02 17:39:37]: [INFO] SQLite Setup finished
[07-02 17:39:37]: [INFO] Hooked into LuckPerms!
[07-02 17:39:37]: [INFO] Hooked successfully into Essentials
[07-02 17:39:37]: [INFO] Hooked successfully into Multiverse-Core
[07-02 17:39:37]: [INFO] Essentials spawn file not found: '/workspaces/Maze-runner/server/plugins/Essentials/spawn.yml'
[07-02 17:39:37]: [WARN] WARNING! The protectInventory feature requires ProtocolLib! Disabling it...
[07-02 17:39:37]: [INFO] AuthMe 5.6.0-beta2 build n.2453 successfully enabled!
[07-02 17:39:37]: [INFO] Downloading GEO IP database, because the old database is older than 30 days or doesn't exist
[07-02 17:39:37]: [WARN] No MaxMind credentials found in the configuration file! GeoIp protections will be disabled.
[07-02 17:39:37]: [INFO] There is no newer GEO IP database uploaded to MaxMind. Using the old one for now.
[07-02 17:39:37]: [WARN] Could not download GeoLiteAPI database [FileNotFoundException]: plugins/AuthMe/GeoLite2-Country.mmdb (No such file or directory)
[07-02 17:39:37]: java.io.FileNotFoundException: plugins/AuthMe/GeoLite2-Country.mmdb (No such file or directory)
	at java.base/java.io.RandomAccessFile.open0(Native Method)
	at java.base/java.io.RandomAccessFile.open(RandomAccessFile.java:356)
	at java.base/java.io.RandomAccessFile.<init>(RandomAccessFile.java:273)
	at java.base/java.io.RandomAccessFile.<init>(RandomAccessFile.java:223)
	at fr.xephi.authme.libs.com.maxmind.db.BufferHolder.<init>(BufferHolder.java:20)
	at fr.xephi.authme.libs.com.maxmind.db.Reader.<init>(Reader.java:121)
	at fr.xephi.authme.service.GeoIpService.startReading(GeoIpService.java:173)
	at fr.xephi.authme.service.GeoIpService.updateDatabase(GeoIpService.java:144)
	at org.bukkit.craftbukkit.v1_8_R3.scheduler.CraftTask.run(CraftTask.java:59)
	at org.bukkit.craftbukkit.v1_8_R3.scheduler.CraftAsyncTask.run(CraftAsyncTask.java:53)
	at org.github.paperspigot.ServerSchedulerReportingWrapper.run(ServerSchedulerReportingWrapper.java:23)
	at java.base/java.util.concurrent.ThreadPoolExecutor.runWorker(ThreadPoolExecutor.java:1144)
	at java.base/java.util.concurrent.ThreadPoolExecutor$Worker.run(ThreadPoolExecutor.java:642)
	at java.base/java.lang.Thread.run(Thread.java:1583)

[07-02 17:47:22]: [FINE] Zebraburger123 registered 0:0:0:0:0:0:0:1
[07-02 17:47:22]: [FINE] Zebraburger123 logged in 0:0:0:0:0:0:0:1
[07-02 18:47:22]: [INFO] AuthMe 5.6.0-beta2-b2453 disabled!
[07-02 18:47:53]: [INFO] SQLite Setup finished
[07-02 18:47:53]: [INFO] Hooked into LuckPerms!
[07-02 18:47:53]: [INFO] Hooked successfully into Essentials
[07-02 18:47:53]: [INFO] Hooked successfully into Multiverse-Core
[07-02 18:47:53]: [INFO] Essentials spawn file not found: '/workspaces/Maze-runner/server/plugins/Essentials/spawn.yml'
[07-02 18:47:53]: [WARN] WARNING! The protectInventory feature requires ProtocolLib! Disabling it...
[07-02 18:47:53]: [INFO] AuthMe 5.6.0-beta2 build n.2453 successfully enabled!
[07-02 18:47:53]: [INFO] Downloading GEO IP database, because the old database is older than 30 days or doesn't exist
[07-02 18:47:53]: [WARN] No MaxMind credentials found in the configuration file! GeoIp protections will be disabled.
[07-02 18:47:53]: [INFO] There is no newer GEO IP database uploaded to MaxMind. Using the old one for now.
[07-02 18:47:53]: [WARN] Could not download GeoLiteAPI database [FileNotFoundException]: plugins/AuthMe/GeoLite2-Country.mmdb (No such file or directory)
[07-02 18:47:53]: java.io.FileNotFoundException: plugins/AuthMe/GeoLite2-Country.mmdb (No such file or directory)
	at java.base/java.io.RandomAccessFile.open0(Native Method)
	at java.base/java.io.RandomAccessFile.open(RandomAccessFile.java:356)
	at java.base/java.io.RandomAccessFile.<init>(RandomAccessFile.java:273)
	at java.base/java.io.RandomAccessFile.<init>(RandomAccessFile.java:223)
	at fr.xephi.authme.libs.com.maxmind.db.BufferHolder.<init>(BufferHolder.java:20)
	at fr.xephi.authme.libs.com.maxmind.db.Reader.<init>(Reader.java:121)
	at fr.xephi.authme.service.GeoIpService.startReading(GeoIpService.java:173)
	at fr.xephi.authme.service.GeoIpService.updateDatabase(GeoIpService.java:144)
	at org.bukkit.craftbukkit.v1_8_R3.scheduler.CraftTask.run(CraftTask.java:59)
	at org.bukkit.craftbukkit.v1_8_R3.scheduler.CraftAsyncTask.run(CraftAsyncTask.java:53)
	at org.github.paperspigot.ServerSchedulerReportingWrapper.run(ServerSchedulerReportingWrapper.java:23)
	at java.base/java.util.concurrent.ThreadPoolExecutor.runWorker(ThreadPoolExecutor.java:1144)
	at java.base/java.util.concurrent.ThreadPoolExecutor$Worker.run(ThreadPoolExecutor.java:642)
	at java.base/java.lang.Thread.run(Thread.java:1583)

[07-02 19:02:46]: [INFO] SQLite Setup finished
[07-02 19:02:46]: [INFO] Hooked into LuckPerms!
[07-02 19:02:46]: [INFO] Hooked successfully into Essentials
[07-02 19:02:46]: [INFO] Hooked successfully into Multiverse-Core
[07-02 19:02:46]: [INFO] Essentials spawn file not found: '/workspaces/Maze-runner/server/plugins/Essentials/spawn.yml'
[07-02 19:02:46]: [WARN] WARNING! The protectInventory feature requires ProtocolLib! Disabling it...
[07-02 19:02:47]: [INFO] AuthMe 5.6.0-beta2 build n.2453 successfully enabled!
[07-02 19:02:47]: [INFO] Downloading GEO IP database, because the old database is older than 30 days or doesn't exist
[07-02 19:02:47]: [WARN] No MaxMind credentials found in the configuration file! GeoIp protections will be disabled.
[07-02 19:02:47]: [INFO] There is no newer GEO IP database uploaded to MaxMind. Using the old one for now.
[07-02 19:02:47]: [WARN] Could not download GeoLiteAPI database [FileNotFoundException]: plugins/AuthMe/GeoLite2-Country.mmdb (No such file or directory)
[07-02 19:02:47]: java.io.FileNotFoundException: plugins/AuthMe/GeoLite2-Country.mmdb (No such file or directory)
	at java.base/java.io.RandomAccessFile.open0(Native Method)
	at java.base/java.io.RandomAccessFile.open(RandomAccessFile.java:356)
	at java.base/java.io.RandomAccessFile.<init>(RandomAccessFile.java:273)
	at java.base/java.io.RandomAccessFile.<init>(RandomAccessFile.java:223)
	at fr.xephi.authme.libs.com.maxmind.db.BufferHolder.<init>(BufferHolder.java:20)
	at fr.xephi.authme.libs.com.maxmind.db.Reader.<init>(Reader.java:121)
	at fr.xephi.authme.service.GeoIpService.startReading(GeoIpService.java:173)
	at fr.xephi.authme.service.GeoIpService.updateDatabase(GeoIpService.java:144)
	at org.bukkit.craftbukkit.v1_8_R3.scheduler.CraftTask.run(CraftTask.java:59)
	at org.bukkit.craftbukkit.v1_8_R3.scheduler.CraftAsyncTask.run(CraftAsyncTask.java:53)
	at org.github.paperspigot.ServerSchedulerReportingWrapper.run(ServerSchedulerReportingWrapper.java:23)
	at java.base/java.util.concurrent.ThreadPoolExecutor.runWorker(ThreadPoolExecutor.java:1144)
	at java.base/java.util.concurrent.ThreadPoolExecutor$Worker.run(ThreadPoolExecutor.java:642)
	at java.base/java.lang.Thread.run(Thread.java:1583)

