[19:50:45] [main/INFO]: Using mbed TLS based native cipher.
[19:50:45] [main/INFO]: Using zlib based native compressor.
[19:50:45] [main/INFO]: Enabled Waterfall version git:Waterfall-Bootstrap:1.19-R0.1-SNAPSHOT:f6069e2:513
[19:50:45] [main/INFO]: Not on Windows, attempting to use enhanced EpollEventLoop
[19:50:45] [main/INFO]: Epoll is working, utilising it!
[19:50:45] [main/INFO]: Discovered module: ModuleSpec(name=cmd_alert, file=modules/cmd_alert.jar, provider=JenkinsModuleSource())
[19:50:45] [main/INFO]: Discovered module: ModuleSpec(name=cmd_find, file=modules/cmd_find.jar, provider=JenkinsModuleSource())
[19:50:45] [main/INFO]: Discovered module: ModuleSpec(name=cmd_list, file=modules/cmd_list.jar, provider=JenkinsModuleSource())
[19:50:45] [main/INFO]: Discovered module: ModuleSpec(name=cmd_send, file=modules/cmd_send.jar, provider=JenkinsModuleSource())
[19:50:45] [main/INFO]: Discovered module: ModuleSpec(name=cmd_server, file=modules/cmd_server.jar, provider=JenkinsModuleSource())
[19:50:45] [main/INFO]: Discovered module: ModuleSpec(name=reconnect_yaml, file=modules/reconnect_yaml.jar, provider=JenkinsModuleSource())
[19:50:45] [main/INFO]: Loaded plugin reconnect_yaml version git:reconnect_yaml:1.19-R0.1-SNAPSHOT:f6069e2:513 by WaterfallMC
[19:50:45] [main/INFO]: Loaded plugin cmd_find version git:cmd_find:1.19-R0.1-SNAPSHOT:f6069e2:513 by WaterfallMC
[19:50:45] [main/INFO]: Loaded plugin cmd_server version git:cmd_server:1.19-R0.1-SNAPSHOT:f6069e2:513 by WaterfallMC
[19:50:45] [main/INFO]: Loaded plugin cmd_alert version git:cmd_alert:1.19-R0.1-SNAPSHOT:f6069e2:513 by WaterfallMC
[19:50:45] [main/INFO]: Loaded plugin cmd_send version git:cmd_send:1.19-R0.1-SNAPSHOT:f6069e2:513 by WaterfallMC
[19:50:45] [main/INFO]: Loaded plugin cmd_list version git:cmd_list:1.19-R0.1-SNAPSHOT:f6069e2:513 by WaterfallMC
[19:50:45] [main/WARN]: :>:>:>:>:>:>:>:>:>:>:>:>:>:>:>:>:>:>:>:>:>:>:>
[19:50:45] [main/WARN]: :>  
[19:50:45] [main/WARN]: :>      EAGLERCRAFTXBUNGEE WARNING:
[19:50:45] [main/WARN]: :>  
[19:50:45] [main/WARN]: :>  This plugin wasn't tested to be 'working'
[19:50:45] [main/WARN]: :>  with ANY version of BungeeCord (and forks)
[19:50:45] [main/WARN]: :>  apart from the versions listed below:
[19:50:45] [main/WARN]: :>  
[19:50:45] [main/WARN]: :>  - BungeeCord: 1.20-R0.3-SNAPSHOT:eda268b:1797
[19:50:45] [main/WARN]: :>  - Waterfall: 1.20-R0.2-SNAPSHOT:92b5149:562
[19:50:45] [main/WARN]: :>  - FlameCord: 1.1.1
[19:50:45] [main/WARN]: :>  
[19:50:45] [main/WARN]: :>  This is not a Bukkit/Spigot plugin!
[19:50:45] [main/WARN]: :>  
[19:50:45] [main/WARN]: :>  Use "-Deaglerxbungee.stfu=true" to hide
[19:50:45] [main/WARN]: :>  
[19:50:45] [main/WARN]: :>:>:>:>:>:>:>:>:>:>:>:>:>:>:>:>:>:>:>:>:>:>:>
[19:50:45] [main/INFO] [EaglercraftXBungee]: Loading vanilla profile: lax1dude
[19:50:46] [Skin Download Thread #1/INFO] [EaglercraftXBungee]: Loaded vanilla profile: lax1dude
[19:50:46] [main/INFO]: Loaded plugin EaglercraftXBungee version 1.0.10 by lax1dude
[19:50:46] [main/WARN]: Forced host server pvp is not defined
[19:50:46] [main/INFO]: Enabled plugin reconnect_yaml version git:reconnect_yaml:1.19-R0.1-SNAPSHOT:f6069e2:513 by WaterfallMC
[19:50:46] [main/INFO]: Enabled plugin cmd_find version git:cmd_find:1.19-R0.1-SNAPSHOT:f6069e2:513 by WaterfallMC
[19:50:46] [main/INFO]: Enabled plugin cmd_server version git:cmd_server:1.19-R0.1-SNAPSHOT:f6069e2:513 by WaterfallMC
[19:50:46] [main/INFO]: Enabled plugin cmd_alert version git:cmd_alert:1.19-R0.1-SNAPSHOT:f6069e2:513 by WaterfallMC
[19:50:46] [main/INFO]: Enabled plugin cmd_send version git:cmd_send:1.19-R0.1-SNAPSHOT:f6069e2:513 by WaterfallMC
[19:50:46] [main/INFO]: Enabled plugin cmd_list version git:cmd_list:1.19-R0.1-SNAPSHOT:f6069e2:513 by WaterfallMC
[19:50:46] [main/ERROR] [EaglercraftXBungee]: Online mode is set to false! Authentication system has been disabled
[19:50:46] [Netty Worker IO Thread #0/INFO] [EaglercraftXBungee]: Eaglercraft is listening on: /0.0.0.0:8081
[19:50:46] [EaglerXBungee: Network Tick Tasks/INFO] [EaglercraftXBungee]: Loaded certificate: /workspaces/Maze-runner/bungee/plugins/EaglercraftXBungee/eagcert/$dl.2c63d6a9be9d273db57d50cb026093cb97ea6e54.cert
[19:50:46] [main/INFO] [EaglercraftXBungee]: Connected to database: jdbc:sqlite:eaglercraft_skins_cache.db
[19:50:46] [main/INFO]: Enabled plugin EaglercraftXBungee version 1.0.10 by lax1dude
[19:50:46] [Netty Boss IO Thread #0/INFO]: Listening on /127.0.0.1:25577
[19:53:16] [Netty Worker IO Thread #1/WARN] [EaglercraftXBungee]: Server icon is not a file: /workspaces/Maze-runner/bungee/server-icon.png
[19:53:17] [Netty Worker IO Thread #2/INFO] [EaglercraftXBungee]: [/[0:0:0:0:0:0:0:1%0]:48972]: Connected via websocket
[19:53:17] [Netty Worker IO Thread #2/INFO] [EaglercraftXBungee]: [/[0:0:0:0:0:0:0:1%0]:48972]: Origin header is https://eaglercraft.com
[19:53:18] [Netty Worker IO Thread #2/INFO] [EaglercraftXBungee]: [/[0:0:0:0:0:0:0:1%0]:48972]: Logged in as 'Zebraburger123'
[19:53:18] [Netty Worker IO Thread #2/INFO]: [/[0:0:0:0:0:0:0:1%0]:48972|Zebraburger123] -> UpstreamBridge has connected
[19:53:18] [Netty Worker IO Thread #2/INFO]: [Zebraburger123|/[0:0:0:0:0:0:0:1%0]:48972] <-> ServerConnector [lobby] has connected
[19:56:56] [Netty Worker IO Thread #2/INFO]: [/[0:0:0:0:0:0:0:1%0]:48972|Zebraburger123] -> UpstreamBridge has disconnected
[19:56:56] [Netty Worker IO Thread #2/INFO]: [Zebraburger123] disconnected with: Proxy lost connection to server.
[19:56:56] [Netty Worker IO Thread #2/INFO]: [/[0:0:0:0:0:0:0:1%0]:48972|Zebraburger123] <-> DownstreamBridge <-> [lobby] has disconnected
[20:01:16] [Netty Worker IO Thread #0/INFO] [EaglercraftXBungee]: [/[0:0:0:0:0:0:0:1%0]:42596]: Connected via websocket
[20:01:16] [Netty Worker IO Thread #0/INFO] [EaglercraftXBungee]: [/[0:0:0:0:0:0:0:1%0]:42596]: Origin header is https://eaglercraft.com
[20:01:16] [Netty Worker IO Thread #0/INFO] [EaglercraftXBungee]: [/[0:0:0:0:0:0:0:1%0]:42596]: Logged in as 'Zebraburger123'
[20:01:16] [Netty Worker IO Thread #0/INFO]: [/[0:0:0:0:0:0:0:1%0]:42596|Zebraburger123] -> UpstreamBridge has connected
[20:01:16] [Netty Worker IO Thread #0/INFO]: [Zebraburger123|/[0:0:0:0:0:0:0:1%0]:42596] <-> ServerConnector [lobby] has connected
[20:02:09] [Netty Worker IO Thread #0/INFO]: [Zebraburger123] disconnected with: Proxy lost connection to server.
[20:02:09] [Netty Worker IO Thread #0/INFO]: [/[0:0:0:0:0:0:0:1%0]:42596|Zebraburger123] <-> DownstreamBridge <-> [lobby] has disconnected
[20:02:09] [Netty Worker IO Thread #0/INFO]: [/[0:0:0:0:0:0:0:1%0]:42596|Zebraburger123] -> UpstreamBridge has disconnected
[20:02:15] [Netty Worker IO Thread #1/INFO] [EaglercraftXBungee]: [/[0:0:0:0:0:0:0:1%0]:45438]: Connected via websocket
[20:02:15] [Netty Worker IO Thread #1/INFO] [EaglercraftXBungee]: [/[0:0:0:0:0:0:0:1%0]:45438]: Origin header is https://eaglercraft.com
[20:02:15] [Netty Worker IO Thread #1/INFO] [EaglercraftXBungee]: [/[0:0:0:0:0:0:0:1%0]:45438]: Logged in as 'Zebraburger123'
[20:02:15] [Netty Worker IO Thread #1/INFO]: [/[0:0:0:0:0:0:0:1%0]:45438|Zebraburger123] -> UpstreamBridge has connected
[20:02:15] [Netty Worker IO Thread #1/INFO]: [Zebraburger123|/[0:0:0:0:0:0:0:1%0]:45438] <-> ServerConnector [lobby] has connected
[20:56:26] [Netty Worker IO Thread #1/INFO]: [/[0:0:0:0:0:0:0:1%0]:45438|Zebraburger123] -> UpstreamBridge has disconnected
[20:56:26] [Netty Worker IO Thread #1/INFO]: [Zebraburger123] disconnected with: Proxy lost connection to server.
[20:56:26] [Netty Worker IO Thread #1/INFO]: [/[0:0:0:0:0:0:0:1%0]:45438|Zebraburger123] <-> DownstreamBridge <-> [lobby] has disconnected
